Arguments: 
  /Users/johnwiseheart/.nodenv/versions/9.2.1/bin/node /usr/local/Cellar/yarn/1.3.2/libexec/bin/yarn.js start

PATH: 
  /Users/johnwiseheart/.nodenv/versions/9.2.1/bin:/usr/local/Cellar/nodenv/1.1.2/libexec:/usr/local/opt/python/libexec/bin:/Users/johnwiseheart/.nodenv/shims:/usr/local/bin:/usr/bin:/bin:/usr/sbin:/sbin:/Users/johnwiseheart/.antigen/bundles/robbyrussell/oh-my-zsh/lib:/Users/johnwiseheart/.antigen/bundles/robbyrussell/oh-my-zsh/plugins/git:/Users/johnwiseheart/.antigen/bundles/robbyrussell/oh-my-zsh/plugins/pip:/Users/johnwiseheart/.antigen/bundles/robbyrussell/oh-my-zsh/plugins/lein:/Users/johnwiseheart/.antigen/bundles/zsh-users/zsh-syntax-highlighting:/Users/johnwiseheart/.antigen/bundles/zsh-users/zsh-autosuggestions

Yarn version: 
  1.3.2

Node version: 
  9.2.1

Platform: 
  darwin x64

npm manifest: 
  {
    "name": "whereis-server",
    "version": "1.0.0",
    "main": "index.js",
    "license": "MIT",
    "dependencies": {
      "@koa/cors": "2",
      "@types/koa": "^2.0.43",
      "@types/koa-router": "^7.0.27",
      "@types/node-fetch": "^1.6.7",
      "base-64": "^0.1.0",
      "koa": "^2.4.1",
      "koa-body": "^2.5.0",
      "koa-router": "^7.3.0",
      "node-fetch": "^1.7.3",
      "nodemon": "^1.14.7",
      "ts-node": "^4.1.0",
      "typescript": "^2.6.2"
    },
    "scripts": {
      "start-dev": "nodemon --watch 'src/**/*.ts' --ignore 'src/**/*.spec.ts' --exec 'ts-node' src/server.ts"
      "start": "tsc && node ./dist/server/src/server.js"
    }
  }

yarn manifest: 
  No manifest

Lockfile: 
  No lockfile

Trace: 
  SyntaxError: /Users/johnwiseheart/projects/whereis2/packages/server/package.json: Unexpected string in JSON at position 574
      at JSON.parse (<anonymous>)
      at /usr/local/Cellar/yarn/1.3.2/libexec/lib/cli.js:770:59
      at Generator.next (<anonymous>)
      at step (/usr/local/Cellar/yarn/1.3.2/libexec/lib/cli.js:92:30)
      at /usr/local/Cellar/yarn/1.3.2/libexec/lib/cli.js:103:13
      at <anonymous>
